# JRE version: Java(TM) SE Runtime Environment (8.0_73-b02) (build 1.8.0_73-b02)
# Java VM: Java HotSpot(TM) 64-Bit Server VM (25.73-b02 mixed mode windows-amd64 compressed oops)
Heap:
 PSYoungGen      total 302080K, used 297896K [0x00000000eab00000, 0x00000000ffb00000, 0x0000000100000000)
  eden space 300032K, 99% used [0x00000000eab00000,0x00000000fcdea390,0x00000000fd000000)
  from space 2048K, 0% used [0x00000000fd080000,0x00000000fd080000,0x00000000fd280000)
  to   space 22016K, 0% used [0x00000000fe580000,0x00000000fe580000,0x00000000ffb00000)
 ParOldGen       total 67072K, used 38267K [0x00000000c0000000, 0x00000000c4180000, 0x00000000eab00000)
  object space 67072K, 57% used [0x00000000c0000000,0x00000000c255ee40,0x00000000c4180000)
 Metaspace       used 47568K, capacity 49613K, committed 49920K, reserved 1091584K
  class space    used 6516K, capacity 7100K, committed 7168K, reserved 1048576K
GC Heap History (10 events):
Event: 10.865 GC heap before
{Heap before GC invocations=10 (full 1):
 PSYoungGen      total 212992K, used 17276K [0x00000000eab00000, 0x00000000f8f00000, 0x0000000100000000)
  eden space 199680K, 1% used [0x00000000eab00000,0x00000000eaee51b0,0x00000000f6e00000)
  from space 13312K, 99% used [0x00000000f7f00000,0x00000000f8bfa138,0x00000000f8c00000)
  to   space 16896K, 0% used [0x00000000f6e00000,0x00000000f6e00000,0x00000000f7e80000)
 ParOldGen       total 53248K, used 10462K [0x00000000c0000000, 0x00000000c3400000, 0x00000000eab00000)
  object space 53248K, 19% used [0x00000000c0000000,0x00000000c0a37888,0x00000000c3400000)
 Metaspace       used 34583K, capacity 35395K, committed 35496K, reserved 1079296K
  class space    used 4621K, capacity 4864K, committed 4864K, reserved 1048576K
Event: 10.878 GC heap after
Heap after GC invocations=10 (full 1):
 PSYoungGen      total 216576K, used 9760K [0x00000000eab00000, 0x00000000ffb80000, 0x0000000100000000)
  eden space 199680K, 0% used [0x00000000eab00000,0x00000000eab00000,0x00000000f6e00000)
  from space 16896K, 57% used [0x00000000f6e00000,0x00000000f7788020,0x00000000f7e80000)
  to   space 16896K, 0% used [0x00000000feb00000,0x00000000feb00000,0x00000000ffb80000)
 ParOldGen       total 53248K, used 11174K [0x00000000c0000000, 0x00000000c3400000, 0x00000000eab00000)
  object space 53248K, 20% used [0x00000000c0000000,0x00000000c0ae98c8,0x00000000c3400000)
 Metaspace       used 34583K, capacity 35395K, committed 35496K, reserved 1079296K
  class space    used 4621K, capacity 4864K, committed 4864K, reserved 1048576K
}
Event: 10.878 GC heap before
{Heap before GC invocations=11 (full 2):
 PSYoungGen      total 216576K, used 9760K [0x00000000eab00000, 0x00000000ffb80000, 0x0000000100000000)
  eden space 199680K, 0% used [0x00000000eab00000,0x00000000eab00000,0x00000000f6e00000)
  from space 16896K, 57% used [0x00000000f6e00000,0x00000000f7788020,0x00000000f7e80000)
  to   space 16896K, 0% used [0x00000000feb00000,0x00000000feb00000,0x00000000ffb80000)
 ParOldGen       total 53248K, used 11174K [0x00000000c0000000, 0x00000000c3400000, 0x00000000eab00000)
  object space 53248K, 20% used [0x00000000c0000000,0x00000000c0ae98c8,0x00000000c3400000)
 Metaspace       used 34583K, capacity 35395K, committed 35496K, reserved 1079296K
  class space    used 4621K, capacity 4864K, committed 4864K, reserved 1048576K
Event: 10.967 GC heap after
Heap after GC invocations=11 (full 2):
 PSYoungGen      total 216576K, used 0K [0x00000000eab00000, 0x00000000ffb80000, 0x0000000100000000)
  eden space 199680K, 0% used [0x00000000eab00000,0x00000000eab00000,0x00000000f6e00000)
  from space 16896K, 0% used [0x00000000f6e00000,0x00000000f6e00000,0x00000000f7e80000)
  to   space 16896K, 0% used [0x00000000feb00000,0x00000000feb00000,0x00000000ffb80000)
 ParOldGen       total 67072K, used 17089K [0x00000000c0000000, 0x00000000c4180000, 0x00000000eab00000)
  object space 67072K, 25% used [0x00000000c0000000,0x00000000c10b07e0,0x00000000c4180000)
 Metaspace       used 34563K, capacity 35373K, committed 35496K, reserved 1079296K
  class space    used 4615K, capacity 4858K, committed 4864K, reserved 1048576K
}
Event: 14.330 GC heap before
{Heap before GC invocations=12 (full 2):
 PSYoungGen      total 216576K, used 199680K [0x00000000eab00000, 0x00000000ffb80000, 0x0000000100000000)
  eden space 199680K, 100% used [0x00000000eab00000,0x00000000f6e00000,0x00000000f6e00000)
  from space 16896K, 0% used [0x00000000f6e00000,0x00000000f6e00000,0x00000000f7e80000)
  to   space 16896K, 0% used [0x00000000feb00000,0x00000000feb00000,0x00000000ffb80000)
 ParOldGen       total 67072K, used 17089K [0x00000000c0000000, 0x00000000c4180000, 0x00000000eab00000)
  object space 67072K, 25% used [0x00000000c0000000,0x00000000c10b07e0,0x00000000c4180000)
 Metaspace       used 41794K, capacity 43019K, committed 43264K, reserved 1087488K
  class space    used 5763K, capacity 6135K, committed 6144K, reserved 1048576K
Event: 14.371 GC heap after
Heap after GC invocations=12 (full 2):
 PSYoungGen      total 316928K, used 16880K [0x00000000eab00000, 0x00000000ffb80000, 0x0000000100000000)
  eden space 300032K, 0% used [0x00000000eab00000,0x00000000eab00000,0x00000000fd000000)
  from space 16896K, 99% used [0x00000000feb00000,0x00000000ffb7c328,0x00000000ffb80000)
  to   space 22016K, 0% used [0x00000000fd080000,0x00000000fd080000,0x00000000fe600000)
 ParOldGen       total 67072K, used 24739K [0x00000000c0000000, 0x00000000c4180000, 0x00000000eab00000)
  object space 67072K, 36% used [0x00000000c0000000,0x00000000c1828ca0,0x00000000c4180000)
 Metaspace       used 41794K, capacity 43019K, committed 43264K, reserved 1087488K
  class space    used 5763K, capacity 6135K, committed 6144K, reserved 1048576K
}
Event: 15.528 GC heap before
{Heap before GC invocations=13 (full 2):
 PSYoungGen      total 316928K, used 44682K [0x00000000eab00000, 0x00000000ffb80000, 0x0000000100000000)
  eden space 300032K, 9% used [0x00000000eab00000,0x00000000ec6267d8,0x00000000fd000000)
  from space 16896K, 99% used [0x00000000feb00000,0x00000000ffb7c328,0x00000000ffb80000)
  to   space 22016K, 0% used [0x00000000fd080000,0x00000000fd080000,0x00000000fe600000)
 ParOldGen       total 67072K, used 24739K [0x00000000c0000000, 0x00000000c4180000, 0x00000000eab00000)
  object space 67072K, 36% used [0x00000000c0000000,0x00000000c1828ca0,0x00000000c4180000)
 Metaspace       used 43081K, capacity 44725K, committed 44928K, reserved 1087488K
  class space    used 5962K, capacity 6415K, committed 6528K, reserved 1048576K
Event: 15.546 GC heap after
Heap after GC invocations=13 (full 2):
 PSYoungGen      total 302080K, used 2010K [0x00000000eab00000, 0x00000000ffb00000, 0x0000000100000000)
  eden space 300032K, 0% used [0x00000000eab00000,0x00000000eab00000,0x00000000fd000000)
  from space 2048K, 98% used [0x00000000fd080000,0x00000000fd276b10,0x00000000fd280000)
  to   space 22016K, 0% used [0x00000000fe580000,0x00000000fe580000,0x00000000ffb00000)
 ParOldGen       total 67072K, used 41583K [0x00000000c0000000, 0x00000000c4180000, 0x00000000eab00000)
  object space 67072K, 61% used [0x00000000c0000000,0x00000000c289bcb8,0x00000000c4180000)
 Metaspace       used 43081K, capacity 44725K, committed 44928K, reserved 1087488K
  class space    used 5962K, capacity 6415K, committed 6528K, reserved 1048576K
}
Event: 15.546 GC heap before
{Heap before GC invocations=14 (full 3):
 PSYoungGen      total 302080K, used 2010K [0x00000000eab00000, 0x00000000ffb00000, 0x0000000100000000)
  eden space 300032K, 0% used [0x00000000eab00000,0x00000000eab00000,0x00000000fd000000)
  from space 2048K, 98% used [0x00000000fd080000,0x00000000fd276b10,0x00000000fd280000)
  to   space 22016K, 0% used [0x00000000fe580000,0x00000000fe580000,0x00000000ffb00000)
 ParOldGen       total 67072K, used 41583K [0x00000000c0000000, 0x00000000c4180000, 0x00000000eab00000)
  object space 67072K, 61% used [0x00000000c0000000,0x00000000c289bcb8,0x00000000c4180000)
 Metaspace       used 43081K, capacity 44725K, committed 44928K, reserved 1087488K
  class space    used 5962K, capacity 6415K, committed 6528K, reserved 1048576K
Event: 15.770 GC heap after
Heap after GC invocations=14 (full 3):
 PSYoungGen      total 302080K, used 0K [0x00000000eab00000, 0x00000000ffb00000, 0x0000000100000000)
  eden space 300032K, 0% used [0x00000000eab00000,0x00000000eab00000,0x00000000fd000000)
  from space 2048K, 0% used [0x00000000fd080000,0x00000000fd080000,0x00000000fd280000)
  to   space 22016K, 0% used [0x00000000fe580000,0x00000000fe580000,0x00000000ffb00000)
 ParOldGen       total 67072K, used 38267K [0x00000000c0000000, 0x00000000c4180000, 0x00000000eab00000)
  object space 67072K, 57% used [0x00000000c0000000,0x00000000c255ee40,0x00000000c4180000)
 Metaspace       used 43081K, capacity 44725K, committed 44928K, reserved 1087488K
  class space    used 5962K, capacity 6415K, committed 6528K, reserved 1048576K
}

