# JRE version: Java(TM) SE Runtime Environment (8.0_73-b02) (build 1.8.0_73-b02)
# Java VM: Java HotSpot(TM) 64-Bit Server VM (25.73-b02 mixed mode windows-amd64 compressed oops)
Heap:
 PSYoungGen      total 228352K, used 156783K [0x00000000eab00000, 0x00000000fa480000, 0x0000000100000000)
  eden space 217600K, 68% used [0x00000000eab00000,0x00000000f3d22898,0x00000000f7f80000)
  from space 10752K, 66% used [0x00000000f9a00000,0x00000000fa0f96b8,0x00000000fa480000)
  to   space 18944K, 0% used [0x00000000f7f80000,0x00000000f7f80000,0x00000000f9200000)
 ParOldGen       total 94208K, used 38963K [0x00000000c0000000, 0x00000000c5c00000, 0x00000000eab00000)
  object space 94208K, 41% used [0x00000000c0000000,0x00000000c260cf28,0x00000000c5c00000)
 Metaspace       used 48930K, capacity 51134K, committed 51328K, reserved 1093632K
  class space    used 6677K, capacity 7270K, committed 7296K, reserved 1048576K
GC Heap History (10 events):
Event: 9.971 GC heap before
{Heap before GC invocations=13 (full 2):
 PSYoungGen      total 151552K, used 137728K [0x00000000eab00000, 0x00000000f5180000, 0x0000000100000000)
  eden space 137728K, 100% used [0x00000000eab00000,0x00000000f3180000,0x00000000f3180000)
  from space 13824K, 0% used [0x00000000f4100000,0x00000000f4100000,0x00000000f4e80000)
  to   space 15872K, 0% used [0x00000000f3180000,0x00000000f3180000,0x00000000f4100000)
 ParOldGen       total 94208K, used 21008K [0x00000000c0000000, 0x00000000c5c00000, 0x00000000eab00000)
  object space 94208K, 22% used [0x00000000c0000000,0x00000000c14842b8,0x00000000c5c00000)
 Metaspace       used 40157K, capacity 41226K, committed 41344K, reserved 1085440K
  class space    used 5477K, capacity 5755K, committed 5760K, reserved 1048576K
Event: 9.996 GC heap after
Heap after GC invocations=13 (full 2):
 PSYoungGen      total 153600K, used 15843K [0x00000000eab00000, 0x00000000f7f80000, 0x0000000100000000)
  eden space 137728K, 0% used [0x00000000eab00000,0x00000000eab00000,0x00000000f3180000)
  from space 15872K, 99% used [0x00000000f3180000,0x00000000f40f8f48,0x00000000f4100000)
  to   space 19456K, 0% used [0x00000000f6c80000,0x00000000f6c80000,0x00000000f7f80000)
 ParOldGen       total 94208K, used 22899K [0x00000000c0000000, 0x00000000c5c00000, 0x00000000eab00000)
  object space 94208K, 24% used [0x00000000c0000000,0x00000000c165cf98,0x00000000c5c00000)
 Metaspace       used 40157K, capacity 41226K, committed 41344K, reserved 1085440K
  class space    used 5477K, capacity 5755K, committed 5760K, reserved 1048576K
}
Event: 10.828 GC heap before
{Heap before GC invocations=14 (full 2):
 PSYoungGen      total 153600K, used 98603K [0x00000000eab00000, 0x00000000f7f80000, 0x0000000100000000)
  eden space 137728K, 60% used [0x00000000eab00000,0x00000000efbd2060,0x00000000f3180000)
  from space 15872K, 99% used [0x00000000f3180000,0x00000000f40f8f48,0x00000000f4100000)
  to   space 19456K, 0% used [0x00000000f6c80000,0x00000000f6c80000,0x00000000f7f80000)
 ParOldGen       total 94208K, used 22899K [0x00000000c0000000, 0x00000000c5c00000, 0x00000000eab00000)
  object space 94208K, 24% used [0x00000000c0000000,0x00000000c165cf98,0x00000000c5c00000)
 Metaspace       used 42929K, capacity 44622K, committed 44800K, reserved 1087488K
  class space    used 5951K, capacity 6381K, committed 6400K, reserved 1048576K
Event: 10.849 GC heap after
Heap after GC invocations=14 (full 2):
 PSYoungGen      total 196096K, used 8543K [0x00000000eab00000, 0x00000000f7d80000, 0x0000000100000000)
  eden space 178688K, 0% used [0x00000000eab00000,0x00000000eab00000,0x00000000f5980000)
  from space 17408K, 49% used [0x00000000f6c80000,0x00000000f74d7da8,0x00000000f7d80000)
  to   space 18432K, 0% used [0x00000000f5980000,0x00000000f5980000,0x00000000f6b80000)
 ParOldGen       total 94208K, used 37133K [0x00000000c0000000, 0x00000000c5c00000, 0x00000000eab00000)
  object space 94208K, 39% used [0x00000000c0000000,0x00000000c2443780,0x00000000c5c00000)
 Metaspace       used 42929K, capacity 44622K, committed 44800K, reserved 1087488K
  class space    used 5951K, capacity 6381K, committed 6400K, reserved 1048576K
}
Event: 10.849 GC heap before
{Heap before GC invocations=15 (full 3):
 PSYoungGen      total 196096K, used 8543K [0x00000000eab00000, 0x00000000f7d80000, 0x0000000100000000)
  eden space 178688K, 0% used [0x00000000eab00000,0x00000000eab00000,0x00000000f5980000)
  from space 17408K, 49% used [0x00000000f6c80000,0x00000000f74d7da8,0x00000000f7d80000)
  to   space 18432K, 0% used [0x00000000f5980000,0x00000000f5980000,0x00000000f6b80000)
 ParOldGen       total 94208K, used 37133K [0x00000000c0000000, 0x00000000c5c00000, 0x00000000eab00000)
  object space 94208K, 39% used [0x00000000c0000000,0x00000000c2443780,0x00000000c5c00000)
 Metaspace       used 42929K, capacity 44622K, committed 44800K, reserved 1087488K
  class space    used 5951K, capacity 6381K, committed 6400K, reserved 1048576K
Event: 11.064 GC heap after
Heap after GC invocations=15 (full 3):
 PSYoungGen      total 196096K, used 0K [0x00000000eab00000, 0x00000000f7d80000, 0x0000000100000000)
  eden space 178688K, 0% used [0x00000000eab00000,0x00000000eab00000,0x00000000f5980000)
  from space 17408K, 0% used [0x00000000f6c80000,0x00000000f6c80000,0x00000000f7d80000)
  to   space 18432K, 0% used [0x00000000f5980000,0x00000000f5980000,0x00000000f6b80000)
 ParOldGen       total 94208K, used 38947K [0x00000000c0000000, 0x00000000c5c00000, 0x00000000eab00000)
  object space 94208K, 41% used [0x00000000c0000000,0x00000000c2608f28,0x00000000c5c00000)
 Metaspace       used 42929K, capacity 44622K, committed 44800K, reserved 1087488K
  class space    used 5951K, capacity 6381K, committed 6400K, reserved 1048576K
}
Event: 16.395 GC heap before
{Heap before GC invocations=16 (full 3):
 PSYoungGen      total 196096K, used 178688K [0x00000000eab00000, 0x00000000f7d80000, 0x0000000100000000)
  eden space 178688K, 100% used [0x00000000eab00000,0x00000000f5980000,0x00000000f5980000)
  from space 17408K, 0% used [0x00000000f6c80000,0x00000000f6c80000,0x00000000f7d80000)
  to   space 18432K, 0% used [0x00000000f5980000,0x00000000f5980000,0x00000000f6b80000)
 ParOldGen       total 94208K, used 38947K [0x00000000c0000000, 0x00000000c5c00000, 0x00000000eab00000)
  object space 94208K, 41% used [0x00000000c0000000,0x00000000c2608f28,0x00000000c5c00000)
 Metaspace       used 46451K, capacity 48374K, committed 48384K, reserved 1091584K
  class space    used 6376K, capacity 6903K, committed 6912K, reserved 1048576K
Event: 16.406 GC heap after
Heap after GC invocations=16 (full 3):
 PSYoungGen      total 197120K, used 13660K [0x00000000eab00000, 0x00000000fad80000, 0x0000000100000000)
  eden space 178688K, 0% used [0x00000000eab00000,0x00000000eab00000,0x00000000f5980000)
  from space 18432K, 74% used [0x00000000f5980000,0x00000000f66d72d0,0x00000000f6b80000)
  to   space 19968K, 0% used [0x00000000f9a00000,0x00000000f9a00000,0x00000000fad80000)
 ParOldGen       total 94208K, used 38955K [0x00000000c0000000, 0x00000000c5c00000, 0x00000000eab00000)
  object space 94208K, 41% used [0x00000000c0000000,0x00000000c260af28,0x00000000c5c00000)
 Metaspace       used 46451K, capacity 48374K, committed 48384K, reserved 1091584K
  class space    used 6376K, capacity 6903K, committed 6912K, reserved 1048576K
}
Event: 32.231 GC heap before
{Heap before GC invocations=17 (full 3):
 PSYoungGen      total 197120K, used 192348K [0x00000000eab00000, 0x00000000fad80000, 0x0000000100000000)
  eden space 178688K, 100% used [0x00000000eab00000,0x00000000f5980000,0x00000000f5980000)
  from space 18432K, 74% used [0x00000000f5980000,0x00000000f66d72d0,0x00000000f6b80000)
  to   space 19968K, 0% used [0x00000000f9a00000,0x00000000f9a00000,0x00000000fad80000)
 ParOldGen       total 94208K, used 38955K [0x00000000c0000000, 0x00000000c5c00000, 0x00000000eab00000)
  object space 94208K, 41% used [0x00000000c0000000,0x00000000c260af28,0x00000000c5c00000)
 Metaspace       used 48234K, capacity 50392K, committed 50560K, reserved 1093632K
  class space    used 6607K, capacity 7174K, committed 7296K, reserved 1048576K
Event: 32.238 GC heap after
Heap after GC invocations=17 (full 3):
 PSYoungGen      total 228352K, used 7141K [0x00000000eab00000, 0x00000000fa480000, 0x0000000100000000)
  eden space 217600K, 0% used [0x00000000eab00000,0x00000000eab00000,0x00000000f7f80000)
  from space 10752K, 66% used [0x00000000f9a00000,0x00000000fa0f96b8,0x00000000fa480000)
  to   space 18944K, 0% used [0x00000000f7f80000,0x00000000f7f80000,0x00000000f9200000)
 ParOldGen       total 94208K, used 38963K [0x00000000c0000000, 0x00000000c5c00000, 0x00000000eab00000)
  object space 94208K, 41% used [0x00000000c0000000,0x00000000c260cf28,0x00000000c5c00000)
 Metaspace       used 48234K, capacity 50392K, committed 50560K, reserved 1093632K
  class space    used 6607K, capacity 7174K, committed 7296K, reserved 1048576K
}

