# JRE version: Java(TM) SE Runtime Environment (8.0_73-b02) (build 1.8.0_73-b02)
# Java VM: Java HotSpot(TM) 64-Bit Server VM (25.73-b02 mixed mode windows-amd64 compressed oops)
Heap:
 PSYoungGen      total 328192K, used 143807K [0x00000000eab00000, 0x0000000100000000, 0x0000000100000000)
  eden space 308224K, 46% used [0x00000000eab00000,0x00000000f376ffc8,0x00000000fd800000)
  from space 19968K, 0% used [0x00000000fec80000,0x00000000fec80000,0x0000000100000000)
  to   space 20480K, 0% used [0x00000000fd800000,0x00000000fd800000,0x00000000fec00000)
 ParOldGen       total 90112K, used 37020K [0x00000000c0000000, 0x00000000c5800000, 0x00000000eab00000)
  object space 90112K, 41% used [0x00000000c0000000,0x00000000c24270d8,0x00000000c5800000)
 Metaspace       used 51218K, capacity 53548K, committed 53760K, reserved 1095680K
  class space    used 6698K, capacity 7155K, committed 7168K, reserved 1048576K
GC Heap History (10 events):
Event: 34.798 GC heap before
{Heap before GC invocations=16 (full 3):
 PSYoungGen      total 204288K, used 197193K [0x00000000eab00000, 0x00000000fce80000, 0x0000000100000000)
  eden space 183808K, 100% used [0x00000000eab00000,0x00000000f5e80000,0x00000000f5e80000)
  from space 20480K, 65% used [0x00000000f7280000,0x00000000f7f92408,0x00000000f8680000)
  to   space 20480K, 0% used [0x00000000f5e80000,0x00000000f5e80000,0x00000000f7280000)
 ParOldGen       total 90112K, used 30731K [0x00000000c0000000, 0x00000000c5800000, 0x00000000eab00000)
  object space 90112K, 34% used [0x00000000c0000000,0x00000000c1e02f30,0x00000000c5800000)
 Metaspace       used 49366K, capacity 51100K, committed 51200K, reserved 1093632K
  class space    used 6538K, capacity 6909K, committed 6912K, reserved 1048576K
Event: 34.809 GC heap after
Heap after GC invocations=16 (full 3):
 PSYoungGen      total 204288K, used 7281K [0x00000000eab00000, 0x00000000fc680000, 0x0000000100000000)
  eden space 183808K, 0% used [0x00000000eab00000,0x00000000eab00000,0x00000000f5e80000)
  from space 20480K, 35% used [0x00000000f5e80000,0x00000000f659c4b0,0x00000000f7280000)
  to   space 19968K, 0% used [0x00000000fb300000,0x00000000fb300000,0x00000000fc680000)
 ParOldGen       total 90112K, used 31687K [0x00000000c0000000, 0x00000000c5800000, 0x00000000eab00000)
  object space 90112K, 35% used [0x00000000c0000000,0x00000000c1ef1fb0,0x00000000c5800000)
 Metaspace       used 49366K, capacity 51100K, committed 51200K, reserved 1093632K
  class space    used 6538K, capacity 6909K, committed 6912K, reserved 1048576K
}
Event: 204.962 GC heap before
{Heap before GC invocations=17 (full 3):
 PSYoungGen      total 204288K, used 191089K [0x00000000eab00000, 0x00000000fc680000, 0x0000000100000000)
  eden space 183808K, 100% used [0x00000000eab00000,0x00000000f5e80000,0x00000000f5e80000)
  from space 20480K, 35% used [0x00000000f5e80000,0x00000000f659c4b0,0x00000000f7280000)
  to   space 19968K, 0% used [0x00000000fb300000,0x00000000fb300000,0x00000000fc680000)
 ParOldGen       total 90112K, used 31687K [0x00000000c0000000, 0x00000000c5800000, 0x00000000eab00000)
  object space 90112K, 35% used [0x00000000c0000000,0x00000000c1ef1fb0,0x00000000c5800000)
 Metaspace       used 50414K, capacity 52424K, committed 52736K, reserved 1095680K
  class space    used 6638K, capacity 7059K, committed 7168K, reserved 1048576K
Event: 204.973 GC heap after
Heap after GC invocations=17 (full 3):
 PSYoungGen      total 253952K, used 6098K [0x00000000eab00000, 0x00000000fbe80000, 0x0000000100000000)
  eden space 242176K, 0% used [0x00000000eab00000,0x00000000eab00000,0x00000000f9780000)
  from space 11776K, 51% used [0x00000000fb300000,0x00000000fb8f4a80,0x00000000fbe80000)
  to   space 19968K, 0% used [0x00000000f9780000,0x00000000f9780000,0x00000000fab00000)
 ParOldGen       total 90112K, used 37369K [0x00000000c0000000, 0x00000000c5800000, 0x00000000eab00000)
  object space 90112K, 41% used [0x00000000c0000000,0x00000000c247e478,0x00000000c5800000)
 Metaspace       used 50414K, capacity 52424K, committed 52736K, reserved 1095680K
  class space    used 6638K, capacity 7059K, committed 7168K, reserved 1048576K
}
Event: 213.425 GC heap before
{Heap before GC invocations=18 (full 3):
 PSYoungGen      total 253952K, used 248274K [0x00000000eab00000, 0x00000000fbe80000, 0x0000000100000000)
  eden space 242176K, 100% used [0x00000000eab00000,0x00000000f9780000,0x00000000f9780000)
  from space 11776K, 51% used [0x00000000fb300000,0x00000000fb8f4a80,0x00000000fbe80000)
  to   space 19968K, 0% used [0x00000000f9780000,0x00000000f9780000,0x00000000fab00000)
 ParOldGen       total 90112K, used 37369K [0x00000000c0000000, 0x00000000c5800000, 0x00000000eab00000)
  object space 90112K, 41% used [0x00000000c0000000,0x00000000c247e478,0x00000000c5800000)
 Metaspace       used 50851K, capacity 52912K, committed 53248K, reserved 1095680K
  class space    used 6655K, capacity 7087K, committed 7168K, reserved 1048576K
Event: 213.436 GC heap after
Heap after GC invocations=18 (full 3):
 PSYoungGen      total 262144K, used 3830K [0x00000000eab00000, 0x0000000100000000, 0x0000000100000000)
  eden space 242176K, 0% used [0x00000000eab00000,0x00000000eab00000,0x00000000f9780000)
  from space 19968K, 19% used [0x00000000f9780000,0x00000000f9b3da80,0x00000000fab00000)
  to   space 19968K, 0% used [0x00000000fec80000,0x00000000fec80000,0x0000000100000000)
 ParOldGen       total 90112K, used 40987K [0x00000000c0000000, 0x00000000c5800000, 0x00000000eab00000)
  object space 90112K, 45% used [0x00000000c0000000,0x00000000c2806fe8,0x00000000c5800000)
 Metaspace       used 50851K, capacity 52912K, committed 53248K, reserved 1095680K
  class space    used 6655K, capacity 7087K, committed 7168K, reserved 1048576K
}
Event: 213.577 GC heap before
{Heap before GC invocations=19 (full 3):
 PSYoungGen      total 262144K, used 9501K [0x00000000eab00000, 0x0000000100000000, 0x0000000100000000)
  eden space 242176K, 2% used [0x00000000eab00000,0x00000000eb089b58,0x00000000f9780000)
  from space 19968K, 19% used [0x00000000f9780000,0x00000000f9b3da80,0x00000000fab00000)
  to   space 19968K, 0% used [0x00000000fec80000,0x00000000fec80000,0x0000000100000000)
 ParOldGen       total 90112K, used 40987K [0x00000000c0000000, 0x00000000c5800000, 0x00000000eab00000)
  object space 90112K, 45% used [0x00000000c0000000,0x00000000c2806fe8,0x00000000c5800000)
 Metaspace       used 50855K, capacity 52912K, committed 53248K, reserved 1095680K
  class space    used 6655K, capacity 7087K, committed 7168K, reserved 1048576K
Event: 213.579 GC heap after
Heap after GC invocations=19 (full 3):
 PSYoungGen      total 328192K, used 1696K [0x00000000eab00000, 0x0000000100000000, 0x0000000100000000)
  eden space 308224K, 0% used [0x00000000eab00000,0x00000000eab00000,0x00000000fd800000)
  from space 19968K, 8% used [0x00000000fec80000,0x00000000fee28000,0x0000000100000000)
  to   space 20480K, 0% used [0x00000000fd800000,0x00000000fd800000,0x00000000fec00000)
 ParOldGen       total 90112K, used 40995K [0x00000000c0000000, 0x00000000c5800000, 0x00000000eab00000)
  object space 90112K, 45% used [0x00000000c0000000,0x00000000c2808fe8,0x00000000c5800000)
 Metaspace       used 50855K, capacity 52912K, committed 53248K, reserved 1095680K
  class space    used 6655K, capacity 7087K, committed 7168K, reserved 1048576K
}
Event: 213.579 GC heap before
{Heap before GC invocations=20 (full 4):
 PSYoungGen      total 328192K, used 1696K [0x00000000eab00000, 0x0000000100000000, 0x0000000100000000)
  eden space 308224K, 0% used [0x00000000eab00000,0x00000000eab00000,0x00000000fd800000)
  from space 19968K, 8% used [0x00000000fec80000,0x00000000fee28000,0x0000000100000000)
  to   space 20480K, 0% used [0x00000000fd800000,0x00000000fd800000,0x00000000fec00000)
 ParOldGen       total 90112K, used 40995K [0x00000000c0000000, 0x00000000c5800000, 0x00000000eab00000)
  object space 90112K, 45% used [0x00000000c0000000,0x00000000c2808fe8,0x00000000c5800000)
 Metaspace       used 50855K, capacity 52912K, committed 53248K, reserved 1095680K
  class space    used 6655K, capacity 7087K, committed 7168K, reserved 1048576K
Event: 213.793 GC heap after
Heap after GC invocations=20 (full 4):
 PSYoungGen      total 328192K, used 0K [0x00000000eab00000, 0x0000000100000000, 0x0000000100000000)
  eden space 308224K, 0% used [0x00000000eab00000,0x00000000eab00000,0x00000000fd800000)
  from space 19968K, 0% used [0x00000000fec80000,0x00000000fec80000,0x0000000100000000)
  to   space 20480K, 0% used [0x00000000fd800000,0x00000000fd800000,0x00000000fec00000)
 ParOldGen       total 90112K, used 37020K [0x00000000c0000000, 0x00000000c5800000, 0x00000000eab00000)
  object space 90112K, 41% used [0x00000000c0000000,0x00000000c24270d8,0x00000000c5800000)
 Metaspace       used 50855K, capacity 52912K, committed 53248K, reserved 1095680K
  class space    used 6655K, capacity 7087K, committed 7168K, reserved 1048576K
}

