# JRE version: Java(TM) SE Runtime Environment (8.0_73-b02) (build 1.8.0_73-b02)
# Java VM: Java HotSpot(TM) 64-Bit Server VM (25.73-b02 mixed mode windows-amd64 compressed oops)
Heap:
 PSYoungGen      total 71680K, used 22125K [0x00000000d5580000, 0x00000000dcc80000, 0x0000000100000000)
  eden space 49664K, 21% used [0x00000000d5580000,0x00000000d5fd4d40,0x00000000d8600000)
  from space 22016K, 52% used [0x00000000d8600000,0x00000000d9146988,0x00000000d9b80000)
  to   space 20992K, 0% used [0x00000000db800000,0x00000000db800000,0x00000000dcc80000)
 ParOldGen       total 87552K, used 66888K [0x0000000080000000, 0x0000000085580000, 0x00000000d5580000)
  object space 87552K, 76% used [0x0000000080000000,0x0000000084152338,0x0000000085580000)
 Metaspace       used 6828K, capacity 7448K, committed 7680K, reserved 1056768K
  class space    used 644K, capacity 656K, committed 768K, reserved 1048576K
GC Heap History (10 events):
Event: 2.394 GC heap before
{Heap before GC invocations=5 (full 0):
 PSYoungGen      total 71680K, used 71669K [0x00000000d5580000, 0x00000000da080000, 0x0000000100000000)
  eden space 66560K, 100% used [0x00000000d5580000,0x00000000d9680000,0x00000000d9680000)
  from space 5120K, 99% used [0x00000000d9b80000,0x00000000da07d560,0x00000000da080000)
  to   space 5120K, 0% used [0x00000000d9680000,0x00000000d9680000,0x00000000d9b80000)
 ParOldGen       total 87552K, used 24126K [0x0000000080000000, 0x0000000085580000, 0x00000000d5580000)
  object space 87552K, 27% used [0x0000000080000000,0x000000008178fb38,0x0000000085580000)
 Metaspace       used 6421K, capacity 7222K, committed 7296K, reserved 1056768K
  class space    used 607K, capacity 622K, committed 640K, reserved 1048576K
Event: 2.505 GC heap after
Heap after GC invocations=5 (full 0):
 PSYoungGen      total 71680K, used 5111K [0x00000000d5580000, 0x00000000da080000, 0x0000000100000000)
  eden space 66560K, 0% used [0x00000000d5580000,0x00000000d5580000,0x00000000d9680000)
  from space 5120K, 99% used [0x00000000d9680000,0x00000000d9b7dc20,0x00000000d9b80000)
  to   space 5120K, 0% used [0x00000000d9b80000,0x00000000d9b80000,0x00000000da080000)
 ParOldGen       total 87552K, used 35017K [0x0000000080000000, 0x0000000085580000, 0x00000000d5580000)
  object space 87552K, 39% used [0x0000000080000000,0x0000000082232510,0x0000000085580000)
 Metaspace       used 6421K, capacity 7222K, committed 7296K, reserved 1056768K
  class space    used 607K, capacity 622K, committed 640K, reserved 1048576K
}
Event: 3.632 GC heap before
{Heap before GC invocations=6 (full 0):
 PSYoungGen      total 71680K, used 71671K [0x00000000d5580000, 0x00000000da080000, 0x0000000100000000)
  eden space 66560K, 100% used [0x00000000d5580000,0x00000000d9680000,0x00000000d9680000)
  from space 5120K, 99% used [0x00000000d9680000,0x00000000d9b7dc20,0x00000000d9b80000)
  to   space 5120K, 0% used [0x00000000d9b80000,0x00000000d9b80000,0x00000000da080000)
 ParOldGen       total 87552K, used 35017K [0x0000000080000000, 0x0000000085580000, 0x00000000d5580000)
  object space 87552K, 39% used [0x0000000080000000,0x0000000082232510,0x0000000085580000)
 Metaspace       used 6551K, capacity 7256K, committed 7424K, reserved 1056768K
  class space    used 627K, capacity 656K, committed 768K, reserved 1048576K
Event: 3.673 GC heap after
Heap after GC invocations=6 (full 0):
 PSYoungGen      total 71680K, used 5113K [0x00000000d5580000, 0x00000000da080000, 0x0000000100000000)
  eden space 66560K, 0% used [0x00000000d5580000,0x00000000d5580000,0x00000000d9680000)
  from space 5120K, 99% used [0x00000000d9b80000,0x00000000da07e6e0,0x00000000da080000)
  to   space 5120K, 0% used [0x00000000d9680000,0x00000000d9680000,0x00000000d9b80000)
 ParOldGen       total 87552K, used 45418K [0x0000000080000000, 0x0000000085580000, 0x00000000d5580000)
  object space 87552K, 51% used [0x0000000080000000,0x0000000082c5aa40,0x0000000085580000)
 Metaspace       used 6551K, capacity 7256K, committed 7424K, reserved 1056768K
  class space    used 627K, capacity 656K, committed 768K, reserved 1048576K
}
Event: 3.847 GC heap before
{Heap before GC invocations=7 (full 0):
 PSYoungGen      total 71680K, used 71673K [0x00000000d5580000, 0x00000000da080000, 0x0000000100000000)
  eden space 66560K, 100% used [0x00000000d5580000,0x00000000d9680000,0x00000000d9680000)
  from space 5120K, 99% used [0x00000000d9b80000,0x00000000da07e6e0,0x00000000da080000)
  to   space 5120K, 0% used [0x00000000d9680000,0x00000000d9680000,0x00000000d9b80000)
 ParOldGen       total 87552K, used 45418K [0x0000000080000000, 0x0000000085580000, 0x00000000d5580000)
  object space 87552K, 51% used [0x0000000080000000,0x0000000082c5aa40,0x0000000085580000)
 Metaspace       used 6561K, capacity 7256K, committed 7424K, reserved 1056768K
  class space    used 627K, capacity 656K, committed 768K, reserved 1048576K
Event: 3.875 GC heap after
Heap after GC invocations=7 (full 0):
 PSYoungGen      total 71680K, used 5119K [0x00000000d5580000, 0x00000000da080000, 0x0000000100000000)
  eden space 66560K, 0% used [0x00000000d5580000,0x00000000d5580000,0x00000000d9680000)
  from space 5120K, 99% used [0x00000000d9680000,0x00000000d9b7fe50,0x00000000d9b80000)
  to   space 5120K, 0% used [0x00000000d9b80000,0x00000000d9b80000,0x00000000da080000)
 ParOldGen       total 87552K, used 55783K [0x0000000080000000, 0x0000000085580000, 0x00000000d5580000)
  object space 87552K, 63% used [0x0000000080000000,0x0000000083679e98,0x0000000085580000)
 Metaspace       used 6561K, capacity 7256K, committed 7424K, reserved 1056768K
  class space    used 627K, capacity 656K, committed 768K, reserved 1048576K
}
Event: 4.017 GC heap before
{Heap before GC invocations=8 (full 0):
 PSYoungGen      total 71680K, used 71679K [0x00000000d5580000, 0x00000000da080000, 0x0000000100000000)
  eden space 66560K, 100% used [0x00000000d5580000,0x00000000d9680000,0x00000000d9680000)
  from space 5120K, 99% used [0x00000000d9680000,0x00000000d9b7fe50,0x00000000d9b80000)
  to   space 5120K, 0% used [0x00000000d9b80000,0x00000000d9b80000,0x00000000da080000)
 ParOldGen       total 87552K, used 55783K [0x0000000080000000, 0x0000000085580000, 0x00000000d5580000)
  object space 87552K, 63% used [0x0000000080000000,0x0000000083679e98,0x0000000085580000)
 Metaspace       used 6569K, capacity 7256K, committed 7424K, reserved 1056768K
  class space    used 627K, capacity 656K, committed 768K, reserved 1048576K
Event: 4.047 GC heap after
Heap after GC invocations=8 (full 0):
 PSYoungGen      total 54784K, used 5117K [0x00000000d5580000, 0x00000000e0280000, 0x0000000100000000)
  eden space 49664K, 0% used [0x00000000d5580000,0x00000000d5580000,0x00000000d8600000)
  from space 5120K, 99% used [0x00000000d9b80000,0x00000000da07f5c0,0x00000000da080000)
  to   space 22016K, 0% used [0x00000000d8600000,0x00000000d8600000,0x00000000d9b80000)
 ParOldGen       total 87552K, used 65736K [0x0000000080000000, 0x0000000085580000, 0x00000000d5580000)
  object space 87552K, 75% used [0x0000000080000000,0x0000000084032290,0x0000000085580000)
 Metaspace       used 6569K, capacity 7256K, committed 7424K, reserved 1056768K
  class space    used 627K, capacity 656K, committed 768K, reserved 1048576K
}
Event: 4.194 GC heap before
{Heap before GC invocations=9 (full 0):
 PSYoungGen      total 54784K, used 54781K [0x00000000d5580000, 0x00000000e0280000, 0x0000000100000000)
  eden space 49664K, 100% used [0x00000000d5580000,0x00000000d8600000,0x00000000d8600000)
  from space 5120K, 99% used [0x00000000d9b80000,0x00000000da07f5c0,0x00000000da080000)
  to   space 22016K, 0% used [0x00000000d8600000,0x00000000d8600000,0x00000000d9b80000)
 ParOldGen       total 87552K, used 65736K [0x0000000080000000, 0x0000000085580000, 0x00000000d5580000)
  object space 87552K, 75% used [0x0000000080000000,0x0000000084032290,0x0000000085580000)
 Metaspace       used 6594K, capacity 7256K, committed 7424K, reserved 1056768K
  class space    used 628K, capacity 656K, committed 768K, reserved 1048576K
Event: 4.209 GC heap after
Heap after GC invocations=9 (full 0):
 PSYoungGen      total 71680K, used 11546K [0x00000000d5580000, 0x00000000dcc80000, 0x0000000100000000)
  eden space 49664K, 0% used [0x00000000d5580000,0x00000000d5580000,0x00000000d8600000)
  from space 22016K, 52% used [0x00000000d8600000,0x00000000d9146988,0x00000000d9b80000)
  to   space 20992K, 0% used [0x00000000db800000,0x00000000db800000,0x00000000dcc80000)
 ParOldGen       total 87552K, used 66888K [0x0000000080000000, 0x0000000085580000, 0x00000000d5580000)
  object space 87552K, 76% used [0x0000000080000000,0x0000000084152338,0x0000000085580000)
 Metaspace       used 6594K, capacity 7256K, committed 7424K, reserved 1056768K
  class space    used 628K, capacity 656K, committed 768K, reserved 1048576K
}

