# JRE version: Java(TM) SE Runtime Environment (8.0_73-b02) (build 1.8.0_73-b02)
# Java VM: Java HotSpot(TM) 64-Bit Server VM (25.73-b02 mixed mode windows-amd64 compressed oops)
Heap:
 PSYoungGen      total 38400K, used 20896K [0x000000076ab00000, 0x000000076d580000, 0x00000007c0000000)
  eden space 33280K, 62% used [0x000000076ab00000,0x000000076bf680b0,0x000000076cb80000)
  from space 5120K, 0% used [0x000000076cb80000,0x000000076cb80000,0x000000076d080000)
  to   space 5120K, 0% used [0x000000076d080000,0x000000076d080000,0x000000076d580000)
 ParOldGen       total 61952K, used 1474K [0x00000006c0000000, 0x00000006c3c80000, 0x000000076ab00000)
  object space 61952K, 2% used [0x00000006c0000000,0x00000006c0170980,0x00000006c3c80000)
 Metaspace       used 5930K, capacity 6836K, committed 7040K, reserved 1058816K
  class space    used 599K, capacity 620K, committed 640K, reserved 1048576K
GC Heap History (4 events):
Event: 0.234 GC heap before
{Heap before GC invocations=1 (full 0):
 PSYoungGen      total 38400K, used 10650K [0x000000076ab00000, 0x000000076d580000, 0x00000007c0000000)
  eden space 33280K, 32% used [0x000000076ab00000,0x000000076b566a40,0x000000076cb80000)
  from space 5120K, 0% used [0x000000076d080000,0x000000076d080000,0x000000076d580000)
  to   space 5120K, 0% used [0x000000076cb80000,0x000000076cb80000,0x000000076d080000)
 ParOldGen       total 87552K, used 0K [0x00000006c0000000, 0x00000006c5580000, 0x000000076ab00000)
  object space 87552K, 0% used [0x00000006c0000000,0x00000006c0000000,0x00000006c5580000)
 Metaspace       used 3971K, capacity 5040K, committed 5120K, reserved 1062912K
  class space    used 442K, capacity 488K, committed 512K, reserved 1048576K
Event: 0.235 GC heap after
Heap after GC invocations=1 (full 0):
 PSYoungGen      total 38400K, used 1637K [0x000000076ab00000, 0x000000076d580000, 0x00000007c0000000)
  eden space 33280K, 0% used [0x000000076ab00000,0x000000076ab00000,0x000000076cb80000)
  from space 5120K, 31% used [0x000000076cb80000,0x000000076cd195d8,0x000000076d080000)
  to   space 5120K, 0% used [0x000000076d080000,0x000000076d080000,0x000000076d580000)
 ParOldGen       total 87552K, used 8K [0x00000006c0000000, 0x00000006c5580000, 0x000000076ab00000)
  object space 87552K, 0% used [0x00000006c0000000,0x00000006c0002000,0x00000006c5580000)
 Metaspace       used 3971K, capacity 5040K, committed 5120K, reserved 1062912K
  class space    used 442K, capacity 488K, committed 512K, reserved 1048576K
}
Event: 0.235 GC heap before
{Heap before GC invocations=2 (full 1):
 PSYoungGen      total 38400K, used 1637K [0x000000076ab00000, 0x000000076d580000, 0x00000007c0000000)
  eden space 33280K, 0% used [0x000000076ab00000,0x000000076ab00000,0x000000076cb80000)
  from space 5120K, 31% used [0x000000076cb80000,0x000000076cd195d8,0x000000076d080000)
  to   space 5120K, 0% used [0x000000076d080000,0x000000076d080000,0x000000076d580000)
 ParOldGen       total 87552K, used 8K [0x00000006c0000000, 0x00000006c5580000, 0x000000076ab00000)
  object space 87552K, 0% used [0x00000006c0000000,0x00000006c0002000,0x00000006c5580000)
 Metaspace       used 3971K, capacity 5040K, committed 5120K, reserved 1062912K
  class space    used 442K, capacity 488K, committed 512K, reserved 1048576K
Event: 0.240 GC heap after
Heap after GC invocations=2 (full 1):
 PSYoungGen      total 38400K, used 0K [0x000000076ab00000, 0x000000076d580000, 0x00000007c0000000)
  eden space 33280K, 0% used [0x000000076ab00000,0x000000076ab00000,0x000000076cb80000)
  from space 5120K, 0% used [0x000000076cb80000,0x000000076cb80000,0x000000076d080000)
  to   space 5120K, 0% used [0x000000076d080000,0x000000076d080000,0x000000076d580000)
 ParOldGen       total 61952K, used 1474K [0x00000006c0000000, 0x00000006c3c80000, 0x000000076ab00000)
  object space 61952K, 2% used [0x00000006c0000000,0x00000006c0170980,0x00000006c3c80000)
 Metaspace       used 3971K, capacity 5040K, committed 5120K, reserved 1058816K
  class space    used 442K, capacity 488K, committed 512K, reserved 1048576K
}

